[search] music/Mugg - Bugg - Demo | target: ytsearch1:Mugg Bugg White Trash EP (Demo) audio
[search] music/Headplate - x3 | target: ytsearch1:Headplate x3 12-12-12 audio
[search] music/Big E - Many Men W.D.U.M | target: ytsearch1:Big E Many Men W.D.U.M Don't Sit Where You Aren't Welcome audio
[search] music/Metox - Ока и Волга | target: ytsearch1:Metox Ока и Волга Лойко Зобар audio
Extracting cookies from firefox
Extracted 2551 cookies from firefox
[youtube:search] Extracting URL: ytsearch1:Mugg Bugg White Trash EP (Demo) audio
[download] Downloading playlist: Mugg Bugg White Trash EP (Demo) audio
[youtube:search] query "Mugg Bugg White Trash EP (Demo) audio": Downloading web client config
Extracting cookies from firefox
Extracted 2551 cookies from firefox
[youtube:search] Extracting URL: ytsearch1:Big E Many Men W.D.U.M Don't Sit Where You Aren't Welcome audio
[download] Downloading playlist: Big E Many Men W.D.U.M Don't Sit Where You Aren't Welcome audio
[youtube:search] query "Big E Many Men W.D.U.M Don't Sit Where You Aren't Welcome audio": Downloading web client config
Extracting cookies from firefox
Extracted 2551 cookies from firefox
[youtube:search] Extracting URL: ytsearch1:Metox Ока и Волга Лойко Зобар audio
[download] Downloading playlist: Metox Ока и Волга Лойко Зобар audio
[youtube:search] query "Metox Ока и Волга Лойко Зобар audio": Downloading web client config
Extracting cookies from firefox
Extracted 2551 cookies from firefox
[youtube:search] Extracting URL: ytsearch1:Headplate x3 12-12-12 audio
[download] Downloading playlist: Headplate x3 12-12-12 audio
[youtube:search] query "Headplate x3 12-12-12 audio": Downloading web client config
[search] music/Стена - Буэнос - Айрес | target: ytsearch1:Стена Буэнос - Айрес Stena. Live In B2 Club audio
[youtube:search] query "Mugg Bugg White Trash EP (Demo) audio" page 1: Downloading API JSON
[youtube:search] query "Headplate x3 12-12-12 audio" page 1: Downloading API JSON
[youtube:search] query "Big E Many Men W.D.U.M Don't Sit Where You Aren't Welcome audio" page 1: Downloading API JSON
[youtube:search] query "Metox Ока и Волга Лойко Зобар audio" page 1: Downloading API JSON
[info] There are no playlist thumbnails to download
[youtube:search] Playlist Mugg Bugg White Trash EP (Demo) audio: Downloading 0 items
[download] Finished downloading playlist: Mugg Bugg White Trash EP (Demo) audio
[info] There are no playlist thumbnails to download
[youtube:search] Playlist Metox Ока и Волга Лойко Зобар audio: Downloading 0 items
[download] Finished downloading playlist: Metox Ока и Волга Лойко Зобар audio
[info] There are no playlist thumbnails to download
[youtube:search] Playlist Big E Many Men W.D.U.M Don't Sit Where You Aren't Welcome audio: Downloading 0 items
[download] Finished downloading playlist: Big E Many Men W.D.U.M Don't Sit Where You Aren't Welcome audio
[info] There are no playlist thumbnails to download
[youtube:search] Playlist Headplate x3 12-12-12 audio: Downloading 0 items
[download] Finished downloading playlist: Headplate x3 12-12-12 audio
Extracting cookies from firefox
Extracted 2551 cookies from firefox
[youtube:search] Extracting URL: ytsearch1:Стена Буэнос - Айрес Stena. Live In B2 Club audio
[download] Downloading playlist: Стена Буэнос - Айрес Stena. Live In B2 Club audio
[youtube:search] query "Стена Буэнос - Айрес Stena. Live In B2 Club audio": Downloading web client config
[search] music/Стена - Выход в белое | target: ytsearch1:Стена Выход в белое Stena. Live In B2 Club audio
[search] music/Стена - Спасибо ей | target: ytsearch1:Стена Спасибо ей Stena. Live In B2 Club audio
[youtube:search] query "Стена Буэнос - Айрес Stena. Live In B2 Club audio" page 1: Downloading API JSON
[info] There are no playlist thumbnails to download
[youtube:search] Playlist Стена Буэнос - Айрес Stena. Live In B2 Club audio: Downloading 0 items
[download] Finished downloading playlist: Стена Буэнос - Айрес Stena. Live In B2 Club audio
[search] music/Алексей Марковников - 2000 баксов | target: ytsearch1:Алексей Марковников 2000 баксов Небо в клетку audio
[search] music/Не'Мой Фронт - Я проиграю | target: ytsearch1:Не'Мой Фронт Я проиграю Каштановый альбом audio
Extracting cookies from firefox
Extracted 2551 cookies from firefox
[youtube:search] Extracting URL: ytsearch1:Стена Выход в белое Stena. Live In B2 Club audio
[download] Downloading playlist: Стена Выход в белое Stena. Live In B2 Club audio
[youtube:search] query "Стена Выход в белое Stena. Live In B2 Club audio": Downloading web client config
Extracting cookies from firefox
Extracted 2551 cookies from firefox
[youtube:search] Extracting URL: ytsearch1:Стена Спасибо ей Stena. Live In B2 Club audio
[download] Downloading playlist: Стена Спасибо ей Stena. Live In B2 Club audio
[youtube:search] query "Стена Спасибо ей Stena. Live In B2 Club audio": Downloading web client config
Extracting cookies from firefox
Extracted 2551 cookies from firefox
[youtube:search] Extracting URL: ytsearch1:Алексей Марковников 2000 баксов Небо в клетку audio
[download] Downloading playlist: Алексей Марковников 2000 баксов Небо в клетку audio
[youtube:search] query "Алексей Марковников 2000 баксов Небо в клетку audio": Downloading web client config
[youtube:search] query "Стена Выход в белое Stena. Live In B2 Club audio" page 1: Downloading API JSON
[info] There are no playlist thumbnails to download
[youtube:search] Playlist Стена Выход в белое Stena. Live In B2 Club audio: Downloading 0 items
[download] Finished downloading playlist: Стена Выход в белое Stena. Live In B2 Club audio
Extracting cookies from firefox
Extracted 2551 cookies from firefox
[youtube:search] Extracting URL: ytsearch1:Не'Мой Фронт Я проиграю Каштановый альбом audio
[download] Downloading playlist: Не'Мой Фронт Я проиграю Каштановый альбом audio
[youtube:search] query "Не'Мой Фронт Я проиграю Каштановый альбом audio": Downloading web client config
[youtube:search] query "Стена Спасибо ей Stena. Live In B2 Club audio" page 1: Downloading API JSON
[youtube:search] query "Алексей Марковников 2000 баксов Небо в клетку audio" page 1: Downloading API JSON
[info] There are no playlist thumbnails to download
[youtube:search] Playlist Стена Спасибо ей Stena. Live In B2 Club audio: Downloading 0 items
[download] Finished downloading playlist: Стена Спасибо ей Stena. Live In B2 Club audio
[info] There are no playlist thumbnails to download
[youtube:search] Playlist Алексей Марковников 2000 баксов Небо в клетку audio: Downloading 0 items
[download] Finished downloading playlist: Алексей Марковников 2000 баксов Небо в клетку audio
[youtube:search] query "Не'Мой Фронт Я проиграю Каштановый альбом audio" page 1: Downloading API JSON
[info] There are no playlist thumbnails to download
[youtube:search] Playlist Не'Мой Фронт Я проиграю Каштановый альбом audio: Downloading 0 items
[download] Finished downloading playlist: Не'Мой Фронт Я проиграю Каштановый альбом audio
[search] music/Chet Baker - Autumn In New York | target: ytsearch1:Chet Baker Autumn In New York Chet In Paris: Everything Happens To Me - The Complete Barclay Recording Vol. 2 audio
[resolve] music/Chet Baker - Autumn In New York | ytsearch1:Chet Baker Autumn In New York Chet In Paris: Everything Happens To Me - The Complete Barclay Recording Vol. 2 audio -> https://www.youtube.com/watch?v=JoQWYAGykNA
Extracting cookies from firefox
Extracted 2551 cookies from firefox
[youtube] Extracting URL: https://www.youtube.com/watch?v=JoQWYAGykNA
[youtube] JoQWYAGykNA: Downloading webpage
[youtube] JoQWYAGykNA: Downloading tv downgraded player API JSON
[youtube] JoQWYAGykNA: Downloading player 21cd2156-tv
[search] music/Pasosh - совершенно один | target: ytsearch1:Pasosh совершенно один Пасош (Демо) audio
[youtube] [jsc:deno] Solving JS challenges using deno
[search] music/Mujuice - Silver Needle in the Sky | target: ytsearch1:Mujuice Silver Needle in the Sky Melancholium audio
[search] music/Не'Мой Фронт - Песня немолодого нетрезвого человека с усиками | target: ytsearch1:Не'Мой Фронт Песня немолодого нетрезвого человека с усиками Каштановый альбом audio
[youtube] JoQWYAGykNA: Downloading m3u8 information
Extracting cookies from firefox
Extracted 2551 cookies from firefox
[youtube:search] Extracting URL: ytsearch1:Pasosh совершенно один Пасош (Демо) audio
[download] Downloading playlist: Pasosh совершенно один Пасош (Демо) audio
[youtube:search] query "Pasosh совершенно один Пасош (Демо) audio": Downloading web client config
[MetadataParser] Parsed meta_title from '%(title)s': 'Exitus'
[MetadataParser] Parsed meta_artist from '%(artist)s': 'Chet Baker'
[info] JoQWYAGykNA: Downloading 1 format(s): 251
[info] Downloading video thumbnail 44 ...
Extracting cookies from firefox
Extracted 2551 cookies from firefox
[youtube:search] Extracting URL: ytsearch1:Mujuice Silver Needle in the Sky Melancholium audio
[download] Downloading playlist: Mujuice Silver Needle in the Sky Melancholium audio
[youtube:search] query "Mujuice Silver Needle in the Sky Melancholium audio": Downloading web client config
[info] Writing video thumbnail 44 to: music/Chet Baker - Autumn In New York.webp
[ThumbnailsConvertor] Converting thumbnail "music/Chet Baker - Autumn In New York.webp" to jpg
Deleting original file music/Chet Baker - Autumn In New York.webp (pass -k to keep)
[download] Destination: music/Chet Baker - Autumn In New York.webm
[download]   0.0% of    6.66MiB at   18.72KiB/s ETA 06:04[download]   0.0% of    6.66MiB at   55.66KiB/s ETA 02:02[download]   0.1% of    6.66MiB at  129.23KiB/s ETA 00:52[download]   0.2% of    6.66MiB at  275.59KiB/s ETA 00:24[download]   0.5% of    6.66MiB at  566.22KiB/s ETA 00:11[download]   0.9% of    6.66MiB at  570.28KiB/s ETA 00:11[youtube:search] query "Pasosh совершенно один Пасош (Демо) audio" page 1: Downloading API JSON
[download]   1.9% of    6.66MiB at  775.74KiB/s ETA 00:08[download]   3.7% of    6.66MiB at    1.14MiB/s ETA 00:05[download]   7.5% of    6.66MiB at    1.84MiB/s ETA 00:03[download]  15.0% of    6.66MiB at    3.07MiB/s ETA 00:01[download]  30.0% of    6.66MiB at    5.24MiB/s ETA 00:00[info] There are no playlist thumbnails to download
[youtube:search] Playlist Pasosh совершенно один Пасош (Демо) audio: Downloading 0 items
[download] Finished downloading playlist: Pasosh совершенно один Пасош (Демо) audio
[download]  60.0% of    6.66MiB at    8.18MiB/s ETA 00:00[youtube:search] query "Mujuice Silver Needle in the Sky Melancholium audio" page 1: Downloading API JSON
[download] 100.0% of    6.66MiB at   11.61MiB/s ETA 00:00[download] 100% of    6.66MiB in 00:00:01 at 5.92MiB/s   
[ExtractAudio] Destination: music/Chet Baker - Autumn In New York.mp3
Extracting cookies from firefox
Extracted 2551 cookies from firefox
[youtube:search] Extracting URL: ytsearch1:Не'Мой Фронт Песня немолодого нетрезвого человека с усиками Каштановый альбом audio
[download] Downloading playlist: Не'Мой Фронт Песня немолодого нетрезвого человека с усиками Каштановый альбом audio
[youtube:search] query "Не'Мой Фронт Песня немолодого нетрезвого человека с усиками Каштановый альбом audio": Downloading web client config
[info] There are no playlist thumbnails to download
[youtube:search] Playlist Mujuice Silver Needle in the Sky Melancholium audio: Downloading 0 items
[download] Finished downloading playlist: Mujuice Silver Needle in the Sky Melancholium audio
[youtube:search] query "Не'Мой Фронт Песня немолодого нетрезвого человека с усиками Каштановый альбом audio" page 1: Downloading API JSON
[info] There are no playlist thumbnails to download
[youtube:search] Playlist Не'Мой Фронт Песня немолодого нетрезвого человека с усиками Каштановый альбом audio: Downloading 0 items
[download] Finished downloading playlist: Не'Мой Фронт Песня немолодого нетрезвого человека с усиками Каштановый альбом audio
Deleting original file music/Chet Baker - Autumn In New York.webm (pass -k to keep)
[Metadata] Adding metadata to "music/Chet Baker - Autumn In New York.mp3"
[EmbedThumbnail] ffmpeg: Adding thumbnail to "music/Chet Baker - Autumn In New York.mp3"
[search] music/Группа Хмурый - Родина | target: ytsearch1:Группа Хмурый Родина Картина 5, No. 19/12 audio
[search] music/Земфира;Дмитрий Емельянов - Кактус | target: ytsearch1:Земфира Кактус CACTUS (Highlights from Original Soundtrack) audio
Extracting cookies from firefox
Extracted 2550 cookies from firefox
[youtube:search] Extracting URL: ytsearch1:Группа Хмурый Родина Картина 5, No. 19/12 audio
[download] Downloading playlist: Группа Хмурый Родина Картина 5, No. 19/12 audio
[youtube:search] query "Группа Хмурый Родина Картина 5, No. 19/12 audio": Downloading web client config
[youtube:search] query "Группа Хмурый Родина Картина 5, No. 19/12 audio" page 1: Downloading API JSON
[info] There are no playlist thumbnails to download
[youtube:search] Playlist Группа Хмурый Родина Картина 5, No. 19/12 audio: Downloading 0 items
[download] Finished downloading playlist: Группа Хмурый Родина Картина 5, No. 19/12 audio
[search] music/Формация Лимон - Слёзы Аризоны | target: ytsearch1:Формация Лимон Слёзы Аризоны Песни на букву "С" audio
Extracting cookies from firefox
Extracted 2550 cookies from firefox
[youtube:search] Extracting URL: ytsearch1:Земфира Кактус CACTUS (Highlights from Original Soundtrack) audio
[download] Downloading playlist: Земфира Кактус CACTUS (Highlights from Original Soundtrack) audio
[youtube:search] query "Земфира Кактус CACTUS (Highlights from Original Soundtrack) audio": Downloading web client config
[youtube:search] query "Земфира Кактус CACTUS (Highlights from Original Soundtrack) audio" page 1: Downloading API JSON
[info] There are no playlist thumbnails to download
[youtube:search] Playlist Земфира Кактус CACTUS (Highlights from Original Soundtrack) audio: Downloading 0 items
[download] Finished downloading playlist: Земфира Кактус CACTUS (Highlights from Original Soundtrack) audio
Extracting cookies from firefox
Extracted 2550 cookies from firefox
[youtube:search] Extracting URL: ytsearch1:Формация Лимон Слёзы Аризоны Песни на букву "С" audio
[download] Downloading playlist: Формация Лимон Слёзы Аризоны Песни на букву "С" audio
[youtube:search] query "Формация Лимон Слёзы Аризоны Песни на букву "С" audio": Downloading web client config
[search] music/Ezra Bell - Let's Move to Vietnam | target: ytsearch1:Ezra Bell Let's Move to Vietnam Farewell Griffin audio
[youtube:search] query "Формация Лимон Слёзы Аризоны Песни на букву "С" audio" page 1: Downloading API JSON
[info] There are no playlist thumbnails to download
[youtube:search] Playlist Формация Лимон Слёзы Аризоны Песни на букву "С" audio: Downloading 0 items
[download] Finished downloading playlist: Формация Лимон Слёзы Аризоны Песни на букву "С" audio
Extracting cookies from firefox
Extracted 2550 cookies from firefox
[youtube:search] Extracting URL: ytsearch1:Ezra Bell Let's Move to Vietnam Farewell Griffin audio
[download] Downloading playlist: Ezra Bell Let's Move to Vietnam Farewell Griffin audio
[youtube:search] query "Ezra Bell Let's Move to Vietnam Farewell Griffin audio": Downloading web client config
[youtube:search] query "Ezra Bell Let's Move to Vietnam Farewell Griffin audio" page 1: Downloading API JSON
[info] There are no playlist thumbnails to download
[youtube:search] Playlist Ezra Bell Let's Move to Vietnam Farewell Griffin audio: Downloading 0 items
[download] Finished downloading playlist: Ezra Bell Let's Move to Vietnam Farewell Griffin audio
[search] music/Polumyagkiye;Арт - Розовое облако | target: ytsearch1:Polumyagkiye Розовое облако ФСКН (Феерия смыслов в куплетах и нотах) audio
Extracting cookies from firefox
Extracted 2550 cookies from firefox
[youtube:search] Extracting URL: ytsearch1:Polumyagkiye Розовое облако ФСКН (Феерия смыслов в куплетах и нотах) audio
[download] Downloading playlist: Polumyagkiye Розовое облако ФСКН (Феерия смыслов в куплетах и нотах) audio
[youtube:search] query "Polumyagkiye Розовое облако ФСКН (Феерия смыслов в куплетах и нотах) audio": Downloading web client config
[search] music/Найк Борзов - Odna ona | target: ytsearch1:Найк Борзов Odna ona Zanoza audio
[youtube:search] query "Polumyagkiye Розовое облако ФСКН (Феерия смыслов в куплетах и нотах) audio" page 1: Downloading API JSON
[info] There are no playlist thumbnails to download
[youtube:search] Playlist Polumyagkiye Розовое облако ФСКН (Феерия смыслов в куплетах и нотах) audio: Downloading 0 items
[download] Finished downloading playlist: Polumyagkiye Розовое облако ФСКН (Феерия смыслов в куплетах и нотах) audio
Extracting cookies from firefox
Extracted 2550 cookies from firefox
[youtube:search] Extracting URL: ytsearch1:Найк Борзов Odna ona Zanoza audio
[download] Downloading playlist: Найк Борзов Odna ona Zanoza audio
[youtube:search] query "Найк Борзов Odna ona Zanoza audio": Downloading web client config
[youtube:search] query "Найк Борзов Odna ona Zanoza audio" page 1: Downloading API JSON
[info] There are no playlist thumbnails to download
[youtube:search] Playlist Найк Борзов Odna ona Zanoza audio: Downloading 0 items
[download] Finished downloading playlist: Найк Борзов Odna ona Zanoza audio
[search] music/Алексей Марковников - Две тысячи баксов | target: ytsearch1:Алексей Марковников Две тысячи баксов Мы ещё полетаем (the Best) audio
Extracting cookies from firefox
Extracted 2550 cookies from firefox
[youtube:search] Extracting URL: ytsearch1:Алексей Марковников Две тысячи баксов Мы ещё полетаем (the Best) audio
[download] Downloading playlist: Алексей Марковников Две тысячи баксов Мы ещё полетаем (the Best) audio
[youtube:search] query "Алексей Марковников Две тысячи баксов Мы ещё полетаем (the Best) audio": Downloading web client config
[search] music/ШИШ MNRX - Мистика | target: ytsearch1:ШИШ MNRX Мистика Krang audio
[youtube:search] query "Алексей Марковников Две тысячи баксов Мы ещё полетаем (the Best) audio" page 1: Downloading API JSON
[info] There are no playlist thumbnails to download
[youtube:search] Playlist Алексей Марковников Две тысячи баксов Мы ещё полетаем (the Best) audio: Downloading 0 items
[download] Finished downloading playlist: Алексей Марковников Две тысячи баксов Мы ещё полетаем (the Best) audio
Extracting cookies from firefox
Extracted 2550 cookies from firefox
[youtube:search] Extracting URL: ytsearch1:ШИШ MNRX Мистика Krang audio
[download] Downloading playlist: ШИШ MNRX Мистика Krang audio
[youtube:search] query "ШИШ MNRX Мистика Krang audio": Downloading web client config
[youtube:search] query "ШИШ MNRX Мистика Krang audio" page 1: Downloading API JSON
[info] There are no playlist thumbnails to download
[youtube:search] Playlist ШИШ MNRX Мистика Krang audio: Downloading 0 items
[download] Finished downloading playlist: ШИШ MNRX Мистика Krang audio
